<?xml version="1.0" encoding="UTF-8"?>
<testng-results ignored="0" total="1" passed="1" failed="0" skipped="0">
  <reporter-output>
  </reporter-output>
  <suite started-at="2023-11-08T13:30:18 IST" name="Default suite" finished-at="2023-11-08T13:30:27 IST" duration-ms="9254">
    <groups>
    </groups>
    <test started-at="2023-11-08T13:30:18 IST" name="Default test" finished-at="2023-11-08T13:30:27 IST" duration-ms="9254">
      <class name="testngpkg.Windowhandler">
        <test-method is-config="true" signature="beforeTest()[pri:0, instance:testngpkg.Windowhandler@6c1a5b54]" started-at="2023-11-08T13:30:18 IST" name="beforeTest" finished-at="2023-11-08T13:30:23 IST" duration-ms="5414" status="PASS">
          <reporter-output>
          </reporter-output>
        </test-method> <!-- beforeTest -->
        <test-method signature="test()[pri:0, instance:testngpkg.Windowhandler@6c1a5b54]" started-at="2023-11-08T13:30:23 IST" name="test" finished-at="2023-11-08T13:30:27 IST" duration-ms="3802" status="PASS">
          <reporter-output>
          </reporter-output>
        </test-method> <!-- test -->
      </class> <!-- testngpkg.Windowhandler -->
    </test> <!-- Default test -->
  </suite> <!-- Default suite -->
</testng-results>
